<?xml version="1.0" encoding="UTF-8"?>
<!-- Generated by org.testng.reporters.JUnitReportReporter -->
<testsuite hostname="user18" failures="0" tests="2" name="runners.MyTestRunner" time="0.215" errors="0" timestamp="2024-11-19T10:49:32 IST" skipped="0">
  <testcase classname="runners.MyTestRunner" name="runScenario" time="0.176"/>
  <testcase classname="runners.MyTestRunner" name="runScenario" time="0.039"/>
</testsuite> <!-- runners.MyTestRunner -->
