<?xml version="1.0" encoding="UTF-8"?>
<!-- Generated by org.testng.reporters.JUnitReportReporter -->
<testsuite hostname="user18" failures="2" tests="4" name="runners.ConduitCURDrunner" time="44.475" errors="0" timestamp="2024-11-19T15:49:31 IST" skipped="0">
  <testcase classname="runners.ConduitCURDrunner" name="runScenario" time="15.676"/>
  <system-out/>
  <testcase classname="runners.ConduitCURDrunner" name="runScenario" time="7.294">
    <failure message="expected [RPG CCS] but found [Divya sample21]" type="java.lang.AssertionError">
      <![CDATA[java.lang.AssertionError: expected [RPG CCS] but found [Divya sample21]
at org.testng.Assert.fail(Assert.java:99)
at org.testng.Assert.failNotEquals(Assert.java:1037)
at org.testng.Assert.assertEqualsImpl(Assert.java:140)
at org.testng.Assert.assertEquals(Assert.java:122)
at org.testng.Assert.assertEquals(Assert.java:629)
at org.testng.Assert.assertEquals(Assert.java:639)
at pages.ConduitGlobalFeedPage.validateAndClickOnLatestArticle(ConduitGlobalFeedPage.java:24)
at stepDefs.ConduitCURDStefDef.article_detail_page_should_be_displayed(ConduitCURDStefDef.java:111)
at ✽.Article detail page Should be displayed "RPG CCS"(file:///C:/workspace/New%20folder/ConduitCURDCaseStudy/src/test/resources/features/ConduitCRUD.feature:21)
]]>
    </failure>
  </testcase> <!-- runScenario -->
  <system-out/>
  <testcase classname="runners.ConduitCURDrunner" name="runScenario" time="13.900"/>
  <system-out/>
  <testcase classname="runners.ConduitCURDrunner" name="runScenario" time="7.605">
    <failure message="expected [RPG CCS] but found [Divya sample21]" type="java.lang.AssertionError">
      <![CDATA[java.lang.AssertionError: expected [RPG CCS] but found [Divya sample21]
at org.testng.Assert.fail(Assert.java:99)
at org.testng.Assert.failNotEquals(Assert.java:1037)
at org.testng.Assert.assertEqualsImpl(Assert.java:140)
at org.testng.Assert.assertEquals(Assert.java:122)
at org.testng.Assert.assertEquals(Assert.java:629)
at org.testng.Assert.assertEquals(Assert.java:639)
at pages.ConduitGlobalFeedPage.validateAndClickOnLatestArticle(ConduitGlobalFeedPage.java:24)
at stepDefs.ConduitCURDStefDef.article_detail_page_should_be_displayed(ConduitCURDStefDef.java:111)
at ✽.Article detail page Should be displayed "RPG CCS"(file:///C:/workspace/New%20folder/ConduitCURDCaseStudy/src/test/resources/features/ConduitCRUD.feature:26)
]]>
    </failure>
  </testcase> <!-- runScenario -->
  <system-out/>
</testsuite> <!-- runners.ConduitCURDrunner -->
