<?xml version="1.0" encoding="UTF-8"?>
<!-- Generated by org.testng.reporters.JUnitReportReporter -->
<testsuite hostname="user18" failures="0" tests="4" name="runners.ConduitCURDrunner" time="57.881" errors="0" timestamp="2024-11-19T15:57:44 IST" skipped="0">
  <testcase classname="runners.ConduitCURDrunner" name="runScenario" time="18.016"/>
  <system-out/>
  <testcase classname="runners.ConduitCURDrunner" name="runScenario" time="14.342"/>
  <system-out/>
  <testcase classname="runners.ConduitCURDrunner" name="runScenario" time="12.299"/>
  <system-out/>
  <testcase classname="runners.ConduitCURDrunner" name="runScenario" time="13.224"/>
  <system-out/>
</testsuite> <!-- runners.ConduitCURDrunner -->
